<?xml version="1.0" encoding="UTF-8"?>
<!-- Generated by org.testng.reporters.JUnitXMLReporter -->
<testsuite hostname="DESKTOP-QNHJ5Q7" name="Test" tests="4" failures="0" timestamp="3 Mar 2023 06:52:45 GMT" time="0.327" errors="0">
  <testcase name="payment" time="0.0" classname="exercise.TestNGExample"/>
  <testcase name="login" time="0.013" classname="exercise.TestNGExample"/>
  <testcase name="logout" time="0.0" classname="exercise.TestNGExample"/>
  <testcase name="addItems" time="0.0" classname="exercise.TestNGExample"/>
</testsuite> <!-- Test -->
