<?xml version="1.0" encoding="UTF-8"?>
<!-- Generated by org.testng.reporters.JUnitXMLReporter -->
<testsuite hostname="DESKTOP-QNHJ5Q7" ignored="0" name="Test" tests="9" failures="0" timestamp="2023-03-23T23:14:50 PDT" time="4.595" errors="0">
  <testcase name="verifyListUserTest" time="0.172" classname="com.ibm.fst.APIProject.APITest"/>
  <testcase name="verifyCreateUserTest" time="0.5" classname="com.ibm.fst.APIProject.CreateUserAPI"/>
  <testcase name="verifyContentType" time="0.0" classname="com.ibm.fst.APIProject.RestAssuredExample"/>
  <testcase name="verifyStatusCode" time="0.0" classname="com.ibm.fst.APIProject.RestAssuredExample"/>
  <testcase name="verifyStatusLine" time="0.0" classname="com.ibm.fst.APIProject.RestAssuredExample"/>
  <testcase name="verifyCreateUserTest" time="0.484" classname="com.ibm.fst.APIProject.CreateUserAPIWithDDT"/>
  <testcase name="verifyCreateUserTest" time="0.476" classname="com.ibm.fst.APIProject.CreateUserAPIWithDDT"/>
  <testcase name="verifyCreateUserTest" time="0.437" classname="com.ibm.fst.APIProject.CreateUserAPIWithDDT"/>
  <testcase name="verifyCityWeather" time="0.14" classname="com.ibm.fst.APIProject.GetAPITestWithGiven"/>
</testsuite> <!-- Test -->
