<?xml version="1.0" encoding="UTF-8"?>
<testng-results skipped="0" failed="0" total="4" passed="4">
  <reporter-output>
  </reporter-output>
  <suite name="Suite" duration-ms="327" started-at="2023-03-03T06:52:45Z" finished-at="2023-03-03T06:52:45Z">
    <groups>
    </groups>
    <test name="Test" duration-ms="327" started-at="2023-03-03T06:52:45Z" finished-at="2023-03-03T06:52:45Z">
      <class name="exercise.TestNGExample">
        <test-method status="PASS" signature="launchapp()[pri:0, instance:exercise.TestNGExample@464bee09]" name="launchapp" is-config="true" duration-ms="16" started-at="2023-03-02T22:52:45Z" finished-at="2023-03-02T22:52:45Z">
          <reporter-output>
          </reporter-output>
        </test-method> <!-- launchapp -->
        <test-method status="PASS" signature="payment()[pri:-9, instance:exercise.TestNGExample@464bee09]" name="payment" duration-ms="0" started-at="2023-03-02T22:52:45Z" finished-at="2023-03-02T22:52:45Z">
          <reporter-output>
          </reporter-output>
        </test-method> <!-- payment -->
        <test-method status="PASS" signature="login()[pri:0, instance:exercise.TestNGExample@464bee09]" name="login" duration-ms="13" started-at="2023-03-02T22:52:45Z" finished-at="2023-03-02T22:52:45Z">
          <reporter-output>
          </reporter-output>
        </test-method> <!-- login -->
        <test-method status="PASS" signature="addItems()[pri:8, instance:exercise.TestNGExample@464bee09]" name="addItems" duration-ms="0" started-at="2023-03-02T22:52:45Z" finished-at="2023-03-02T22:52:45Z">
          <reporter-output>
          </reporter-output>
        </test-method> <!-- addItems -->
        <test-method status="PASS" signature="logout()[pri:0, instance:exercise.TestNGExample@464bee09]" name="logout" duration-ms="0" started-at="2023-03-02T22:52:45Z" finished-at="2023-03-02T22:52:45Z">
          <reporter-output>
          </reporter-output>
        </test-method> <!-- logout -->
        <test-method status="PASS" signature="closeapp()[pri:0, instance:exercise.TestNGExample@464bee09]" name="closeapp" is-config="true" duration-ms="0" started-at="2023-03-02T22:52:45Z" finished-at="2023-03-02T22:52:45Z">
          <reporter-output>
          </reporter-output>
        </test-method> <!-- closeapp -->
      </class> <!-- exercise.TestNGExample -->
    </test> <!-- Test -->
  </suite> <!-- Suite -->
</testng-results>
