<?xml version="1.0" encoding="UTF-8"?>
<!-- Generated by org.testng.reporters.JUnitXMLReporter -->
<testsuite hostname="DESKTOP-QNHJ5Q7" name="Default test" tests="5" failures="0" timestamp="2 Mar 2023 06:58:14 GMT" time="27.274" errors="0">
  <testcase name="DoubleClicktest" time="2.253" classname="actionsExamples.RightClickDoubleClickTest"/>
  <testcase name="RightClicktest" time="2.404" classname="actionsExamples.RightClickDoubleClickTest"/>
  <testcase name="RightClicktestCopy" time="2.318" classname="actionsExamples.RightClickDoubleClickTest"/>
  <testcase name="RightClicktestEdit" time="2.256" classname="actionsExamples.RightClickDoubleClickTest"/>
  <testcase name="RightClicktestPaste" time="2.254" classname="actionsExamples.RightClickDoubleClickTest"/>
</testsuite> <!-- Default test -->
