<?xml version="1.0" encoding="UTF-8"?>
<testng-results skipped="0" failed="0" ignored="0" total="1" passed="1">
  <reporter-output>
  </reporter-output>
  <suite name="Suite" duration-ms="19361" started-at="2023-03-09T22:30:43 PST" finished-at="2023-03-09T22:31:02 PST">
    <groups>
    </groups>
    <test name="Test" duration-ms="19361" started-at="2023-03-09T22:30:43 PST" finished-at="2023-03-09T22:31:02 PST">
      <class name="actionsExamples.AmazonExample">
        <test-method status="PASS" signature="launchApp()[pri:0, instance:actionsExamples.AmazonExample@520a3426]" name="launchApp" is-config="true" duration-ms="9831" started-at="2023-03-09T22:30:43 PST" finished-at="2023-03-09T22:30:53 PST">
          <reporter-output>
          </reporter-output>
        </test-method> <!-- launchApp -->
        <test-method status="PASS" signature="verifyLogin()[pri:0, instance:actionsExamples.AmazonExample@520a3426]" name="verifyLogin" duration-ms="2159" started-at="2023-03-09T22:30:53 PST" finished-at="2023-03-09T22:30:55 PST">
          <reporter-output>
          </reporter-output>
        </test-method> <!-- verifyLogin -->
        <test-method status="PASS" signature="closeApp()[pri:0, instance:actionsExamples.AmazonExample@520a3426]" name="closeApp" is-config="true" duration-ms="7346" started-at="2023-03-09T22:30:55 PST" finished-at="2023-03-09T22:31:02 PST">
          <reporter-output>
          </reporter-output>
        </test-method> <!-- closeApp -->
      </class> <!-- actionsExamples.AmazonExample -->
    </test> <!-- Test -->
  </suite> <!-- Suite -->
</testng-results>
